Sourcing /etc/profile to set up environment...
Environment sourced.

Loading environment modules...
Modules loaded.

Slurm Job ID: 3302077
Running on nodes: 
mel2004
mel2060
mel2064
mel2143
mel2188
mel2192
--------------------------

Launching HoverCraft++ with 10,000,000 requests...
Starting HoverCraft++ with 1 concurrent client(s)

--- Client 5 Statistics for interval ending at 50000 total requests ---

=== Client 5 Latency Statistics (ms) ===
Requests processed: 50000
Average: 0.116
Min:     0.024
Max:     39.996
P50 (Median): 0.103
P90:     0.112
P99:     0.125
==============================


--- Client 5 Statistics for interval ending at 100000 total requests ---

=== Client 5 Latency Statistics (ms) ===
Requests processed: 50000
Average: 0.108
Min:     0.027
Max:     1.696
P50 (Median): 0.103
P90:     0.110
P99:     0.124
==============================


--- Client 5 Statistics for interval ending at 150000 total requests ---

=== Client 5 Latency Statistics (ms) ===
Requests processed: 50000
Average: 0.108
Min:     0.027
Max:     1.612
P50 (Median): 0.103
P90:     0.111
P99:     0.125
==============================


--- Client 5 Statistics for interval ending at 200000 total requests ---

=== Client 5 Latency Statistics (ms) ===
Requests processed: 50000
Average: 0.108
Min:     0.027
Max:     1.640
P50 (Median): 0.103
P90:     0.112
P99:     0.126
==============================


--- Client 5 Statistics for interval ending at 250000 total requests ---

=== Client 5 Latency Statistics (ms) ===
Requests processed: 50000
Average: 0.108
Min:     0.027
Max:     1.653
P50 (Median): 0.103
P90:     0.111
P99:     0.125
==============================


--- Client 5 Statistics for interval ending at 300000 total requests ---

=== Client 5 Latency Statistics (ms) ===
Requests processed: 50000
Average: 0.108
Min:     0.028
Max:     1.597
P50 (Median): 0.103
P90:     0.112
P99:     0.126
==============================


--- Client 5 Statistics for interval ending at 350000 total requests ---

=== Client 5 Latency Statistics (ms) ===
Requests processed: 50000
Average: 0.108
Min:     0.028
Max:     1.585
P50 (Median): 0.103
P90:     0.111
P99:     0.125
==============================


--- Client 5 Statistics for interval ending at 400000 total requests ---

=== Client 5 Latency Statistics (ms) ===
Requests processed: 50000
Average: 0.108
Min:     0.027
Max:     1.563
P50 (Median): 0.103
P90:     0.111
P99:     0.126
==============================


--- Client 5 Statistics for interval ending at 450000 total requests ---

=== Client 5 Latency Statistics (ms) ===
Requests processed: 50000
Average: 0.108
Min:     0.028
Max:     1.586
P50 (Median): 0.103
P90:     0.113
P99:     0.126
==============================


--- Client 5 Statistics for interval ending at 500000 total requests ---

=== Client 5 Latency Statistics (ms) ===
Requests processed: 50000
Average: 0.108
Min:     0.028
Max:     1.610
P50 (Median): 0.103
P90:     0.112
P99:     0.125
==============================


--- Client 5 Statistics for interval ending at 550000 total requests ---

=== Client 5 Latency Statistics (ms) ===
Requests processed: 50000
Average: 0.108
Min:     0.026
Max:     1.919
P50 (Median): 0.103
P90:     0.111
P99:     0.125
==============================


--- Client 5 Statistics for interval ending at 600000 total requests ---

=== Client 5 Latency Statistics (ms) ===
Requests processed: 50000
Average: 0.108
Min:     0.028
Max:     1.603
P50 (Median): 0.103
P90:     0.113
P99:     0.126
==============================


--- Client 5 Statistics for interval ending at 650000 total requests ---

=== Client 5 Latency Statistics (ms) ===
Requests processed: 50000
Average: 0.108
Min:     0.029
Max:     1.602
P50 (Median): 0.103
P90:     0.113
P99:     0.126
==============================


--- Client 5 Statistics for interval ending at 700000 total requests ---

=== Client 5 Latency Statistics (ms) ===
Requests processed: 50000
Average: 0.108
Min:     0.029
Max:     1.632
P50 (Median): 0.103
P90:     0.111
P99:     0.126
==============================


--- Client 5 Statistics for interval ending at 750000 total requests ---

=== Client 5 Latency Statistics (ms) ===
Requests processed: 50000
Average: 0.108
Min:     0.028
Max:     1.576
P50 (Median): 0.103
P90:     0.110
P99:     0.125
==============================


--- Client 5 Statistics for interval ending at 800000 total requests ---

=== Client 5 Latency Statistics (ms) ===
Requests processed: 50000
Average: 0.108
Min:     0.028
Max:     1.595
P50 (Median): 0.103
P90:     0.113
P99:     0.126
==============================


--- Client 5 Statistics for interval ending at 850000 total requests ---

=== Client 5 Latency Statistics (ms) ===
Requests processed: 50000
Average: 0.110
Min:     0.027
Max:     4.967
P50 (Median): 0.103
P90:     0.111
P99:     0.125
==============================


--- Client 5 Statistics for interval ending at 900000 total requests ---

=== Client 5 Latency Statistics (ms) ===
Requests processed: 50000
Average: 0.111
Min:     0.027
Max:     7.947
P50 (Median): 0.103
P90:     0.113
P99:     0.126
==============================


--- Client 5 Statistics for interval ending at 950000 total requests ---

=== Client 5 Latency Statistics (ms) ===
Requests processed: 50000
Average: 0.111
Min:     0.025
Max:     6.118
P50 (Median): 0.103
P90:     0.112
P99:     0.127
==============================


--- Client 5 Statistics for interval ending at 1000000 total requests ---

=== Client 5 Latency Statistics (ms) ===
Requests processed: 50000
Average: 0.118
Min:     0.024
Max:     21.228
P50 (Median): 0.103
P90:     0.112
P99:     0.126
==============================


--- Client 5 Statistics for interval ending at 1050000 total requests ---

=== Client 5 Latency Statistics (ms) ===
Requests processed: 50000
Average: 0.108
Min:     0.028
Max:     1.639
P50 (Median): 0.103
P90:     0.115
P99:     0.126
==============================


--- Client 5 Statistics for interval ending at 1100000 total requests ---

=== Client 5 Latency Statistics (ms) ===
Requests processed: 50000
Average: 0.112
Min:     0.024
Max:     2.951
P50 (Median): 0.103
P90:     0.115
P99:     0.127
==============================


--- Client 5 Statistics for interval ending at 1150000 total requests ---

=== Client 5 Latency Statistics (ms) ===
Requests processed: 50000
Average: 0.110
Min:     0.025
Max:     3.242
P50 (Median): 0.103
P90:     0.113
P99:     0.127
==============================


--- Client 5 Statistics for interval ending at 1200000 total requests ---

=== Client 5 Latency Statistics (ms) ===
Requests processed: 50000
Average: 0.108
Min:     0.029
Max:     1.582
P50 (Median): 0.103
P90:     0.112
P99:     0.125
==============================


--- Client 5 Statistics for interval ending at 1250000 total requests ---

=== Client 5 Latency Statistics (ms) ===
Requests processed: 50000
Average: 0.108
Min:     0.028
Max:     1.664
P50 (Median): 0.103
P90:     0.114
P99:     0.126
==============================


--- Client 5 Statistics for interval ending at 1300000 total requests ---

=== Client 5 Latency Statistics (ms) ===
Requests processed: 50000
Average: 0.108
Min:     0.027
Max:     1.563
P50 (Median): 0.103
P90:     0.113
P99:     0.126
==============================


--- Client 5 Statistics for interval ending at 1350000 total requests ---

=== Client 5 Latency Statistics (ms) ===
Requests processed: 50000
Average: 0.108
Min:     0.027
Max:     1.560
P50 (Median): 0.103
P90:     0.114
P99:     0.126
==============================


--- Client 5 Statistics for interval ending at 1400000 total requests ---

=== Client 5 Latency Statistics (ms) ===
Requests processed: 50000
Average: 0.108
Min:     0.027
Max:     1.600
P50 (Median): 0.103
P90:     0.112
P99:     0.125
==============================


--- Client 5 Statistics for interval ending at 1450000 total requests ---

=== Client 5 Latency Statistics (ms) ===
Requests processed: 50000
Average: 0.114
Min:     0.025
Max:     8.872
P50 (Median): 0.103
P90:     0.115
P99:     0.127
==============================


--- Client 5 Statistics for interval ending at 1500000 total requests ---

=== Client 5 Latency Statistics (ms) ===
Requests processed: 50000
Average: 0.109
Min:     0.025
Max:     5.166
P50 (Median): 0.103
P90:     0.112
P99:     0.126
==============================


--- Client 5 Statistics for interval ending at 1550000 total requests ---

=== Client 5 Latency Statistics (ms) ===
Requests processed: 50000
Average: 0.111
Min:     0.028
Max:     5.778
P50 (Median): 0.103
P90:     0.113
P99:     0.126
==============================


--- Client 5 Statistics for interval ending at 1600000 total requests ---

=== Client 5 Latency Statistics (ms) ===
Requests processed: 50000
Average: 0.109
Min:     0.028
Max:     4.797
P50 (Median): 0.103
P90:     0.111
P99:     0.124
==============================


--- Client 5 Statistics for interval ending at 1650000 total requests ---

=== Client 5 Latency Statistics (ms) ===
Requests processed: 50000
Average: 0.108
Min:     0.027
Max:     1.614
P50 (Median): 0.103
P90:     0.112
P99:     0.125
==============================


--- Client 5 Statistics for interval ending at 1700000 total requests ---

=== Client 5 Latency Statistics (ms) ===
Requests processed: 50000
Average: 0.108
Min:     0.027
Max:     1.626
P50 (Median): 0.103
P90:     0.112
P99:     0.126
==============================


--- Client 5 Statistics for interval ending at 1750000 total requests ---

=== Client 5 Latency Statistics (ms) ===
Requests processed: 50000
Average: 0.108
Min:     0.028
Max:     1.599
P50 (Median): 0.103
P90:     0.114
P99:     0.126
==============================


--- Client 5 Statistics for interval ending at 1800000 total requests ---

=== Client 5 Latency Statistics (ms) ===
Requests processed: 50000
Average: 0.108
Min:     0.028
Max:     1.654
P50 (Median): 0.103
P90:     0.113
P99:     0.125
==============================


--- Client 5 Statistics for interval ending at 1850000 total requests ---

=== Client 5 Latency Statistics (ms) ===
Requests processed: 50000
Average: 0.108
Min:     0.027
Max:     1.601
P50 (Median): 0.103
P90:     0.111
P99:     0.126
==============================


--- Client 5 Statistics for interval ending at 1900000 total requests ---

=== Client 5 Latency Statistics (ms) ===
Requests processed: 50000
Average: 0.108
Min:     0.028
Max:     1.617
P50 (Median): 0.103
P90:     0.111
P99:     0.125
==============================


--- Client 5 Statistics for interval ending at 1950000 total requests ---

=== Client 5 Latency Statistics (ms) ===
Requests processed: 50000
Average: 0.108
Min:     0.027
Max:     1.602
P50 (Median): 0.103
P90:     0.113
P99:     0.126
==============================


--- Client 5 Statistics for interval ending at 2000000 total requests ---

=== Client 5 Latency Statistics (ms) ===
Requests processed: 50000
Average: 0.108
Min:     0.027
Max:     1.661
P50 (Median): 0.103
P90:     0.113
P99:     0.126
==============================


--- Client 5 Statistics for interval ending at 2050000 total requests ---

=== Client 5 Latency Statistics (ms) ===
Requests processed: 50000
Average: 0.108
Min:     0.026
Max:     1.633
P50 (Median): 0.103
P90:     0.113
P99:     0.126
==============================


--- Client 5 Statistics for interval ending at 2100000 total requests ---

=== Client 5 Latency Statistics (ms) ===
Requests processed: 50000
Average: 0.107
Min:     0.026
Max:     1.625
P50 (Median): 0.103
P90:     0.110
P99:     0.124
==============================


--- Client 5 Statistics for interval ending at 2150000 total requests ---

=== Client 5 Latency Statistics (ms) ===
Requests processed: 50000
Average: 0.108
Min:     0.028
Max:     1.604
P50 (Median): 0.103
P90:     0.113
P99:     0.126
==============================


--- Client 5 Statistics for interval ending at 2200000 total requests ---

=== Client 5 Latency Statistics (ms) ===
Requests processed: 50000
Average: 0.108
Min:     0.027
Max:     1.657
P50 (Median): 0.103
P90:     0.111
P99:     0.125
==============================


--- Client 5 Statistics for interval ending at 2250000 total requests ---

=== Client 5 Latency Statistics (ms) ===
Requests processed: 50000
Average: 0.151
Min:     0.024
Max:     105.781
P50 (Median): 0.103
P90:     0.113
P99:     0.126
==============================


--- Client 5 Statistics for interval ending at 2300000 total requests ---

=== Client 5 Latency Statistics (ms) ===
Requests processed: 50000
Average: 0.128
Min:     0.025
Max:     49.483
P50 (Median): 0.103
P90:     0.113
P99:     0.126
==============================


--- Client 5 Statistics for interval ending at 2350000 total requests ---

=== Client 5 Latency Statistics (ms) ===
Requests processed: 50000
Average: 0.108
Min:     0.030
Max:     1.673
P50 (Median): 0.103
P90:     0.112
P99:     0.126
==============================


--- Client 5 Statistics for interval ending at 2400000 total requests ---

=== Client 5 Latency Statistics (ms) ===
Requests processed: 50000
Average: 0.109
Min:     0.024
Max:     1.601
P50 (Median): 0.103
P90:     0.113
P99:     0.127
==============================


--- Client 5 Statistics for interval ending at 2450000 total requests ---

=== Client 5 Latency Statistics (ms) ===
Requests processed: 50000
Average: 0.110
Min:     0.027
Max:     3.536
P50 (Median): 0.103
P90:     0.112
P99:     0.126
==============================


--- Client 5 Statistics for interval ending at 2500000 total requests ---

=== Client 5 Latency Statistics (ms) ===
Requests processed: 50000
Average: 0.110
Min:     0.026
Max:     2.073
P50 (Median): 0.103
P90:     0.114
P99:     0.127
==============================


--- Client 5 Statistics for interval ending at 2550000 total requests ---

=== Client 5 Latency Statistics (ms) ===
Requests processed: 50000
Average: 0.111
Min:     0.025
Max:     2.999
P50 (Median): 0.103
P90:     0.114
P99:     0.128
==============================


--- Client 5 Statistics for interval ending at 2600000 total requests ---

=== Client 5 Latency Statistics (ms) ===
Requests processed: 50000
Average: 0.110
Min:     0.025
Max:     2.151
P50 (Median): 0.103
P90:     0.113
P99:     0.127
==============================


--- Client 5 Statistics for interval ending at 2650000 total requests ---

=== Client 5 Latency Statistics (ms) ===
Requests processed: 50000
Average: 0.108
Min:     0.028
Max:     1.588
P50 (Median): 0.103
P90:     0.111
P99:     0.125
==============================


--- Client 5 Statistics for interval ending at 2700000 total requests ---

=== Client 5 Latency Statistics (ms) ===
Requests processed: 50000
Average: 0.108
Min:     0.029
Max:     1.611
P50 (Median): 0.103
P90:     0.113
P99:     0.126
==============================


--- Client 5 Statistics for interval ending at 2750000 total requests ---

=== Client 5 Latency Statistics (ms) ===
Requests processed: 50000
Average: 0.108
Min:     0.028
Max:     1.533
P50 (Median): 0.103
P90:     0.115
P99:     0.126
==============================


--- Client 5 Statistics for interval ending at 2800000 total requests ---

=== Client 5 Latency Statistics (ms) ===
Requests processed: 50000
Average: 0.108
Min:     0.027
Max:     1.611
P50 (Median): 0.103
P90:     0.112
P99:     0.125
==============================


--- Client 5 Statistics for interval ending at 2850000 total requests ---

=== Client 5 Latency Statistics (ms) ===
Requests processed: 50000
Average: 0.108
Min:     0.027
Max:     1.609
P50 (Median): 0.103
P90:     0.113
P99:     0.126
==============================


--- Client 5 Statistics for interval ending at 2900000 total requests ---

=== Client 5 Latency Statistics (ms) ===
Requests processed: 50000
Average: 0.114
Min:     0.025
Max:     13.015
P50 (Median): 0.103
P90:     0.114
P99:     0.127
==============================


--- Client 5 Statistics for interval ending at 2950000 total requests ---

=== Client 5 Latency Statistics (ms) ===
Requests processed: 50000
Average: 0.111
Min:     0.025
Max:     6.168
P50 (Median): 0.103
P90:     0.113
P99:     0.126
==============================


--- Client 5 Statistics for interval ending at 3000000 total requests ---

=== Client 5 Latency Statistics (ms) ===
Requests processed: 50000
Average: 0.113
Min:     0.026
Max:     5.263
P50 (Median): 0.103
P90:     0.112
P99:     0.126
==============================


--- Client 5 Statistics for interval ending at 3050000 total requests ---

=== Client 5 Latency Statistics (ms) ===
Requests processed: 50000
Average: 0.108
Min:     0.026
Max:     1.619
P50 (Median): 0.103
P90:     0.115
P99:     0.126
==============================


--- Client 5 Statistics for interval ending at 3100000 total requests ---

=== Client 5 Latency Statistics (ms) ===
Requests processed: 50000
Average: 0.108
Min:     0.027
Max:     1.677
P50 (Median): 0.103
P90:     0.113
P99:     0.125
==============================


--- Client 5 Statistics for interval ending at 3150000 total requests ---

=== Client 5 Latency Statistics (ms) ===
Requests processed: 50000
Average: 0.108
Min:     0.028
Max:     1.625
P50 (Median): 0.103
P90:     0.114
P99:     0.126
==============================


--- Client 5 Statistics for interval ending at 3200000 total requests ---

=== Client 5 Latency Statistics (ms) ===
Requests processed: 50000
Average: 0.108
Min:     0.026
Max:     1.643
P50 (Median): 0.103
P90:     0.112
P99:     0.125
==============================


--- Client 5 Statistics for interval ending at 3250000 total requests ---

=== Client 5 Latency Statistics (ms) ===
Requests processed: 50000
Average: 0.108
Min:     0.028
Max:     1.618
P50 (Median): 0.103
P90:     0.112
P99:     0.126
==============================


--- Client 5 Statistics for interval ending at 3300000 total requests ---

=== Client 5 Latency Statistics (ms) ===
Requests processed: 50000
Average: 0.108
Min:     0.027
Max:     1.642
P50 (Median): 0.103
P90:     0.115
P99:     0.126
==============================


--- Client 5 Statistics for interval ending at 3350000 total requests ---

=== Client 5 Latency Statistics (ms) ===
Requests processed: 50000
Average: 0.108
Min:     0.027
Max:     1.664
P50 (Median): 0.103
P90:     0.115
P99:     0.126
==============================


--- Client 5 Statistics for interval ending at 3400000 total requests ---

=== Client 5 Latency Statistics (ms) ===
Requests processed: 50000
Average: 0.108
Min:     0.029
Max:     1.664
P50 (Median): 0.103
P90:     0.114
P99:     0.126
==============================


--- Client 5 Statistics for interval ending at 3450000 total requests ---

=== Client 5 Latency Statistics (ms) ===
Requests processed: 50000
Average: 0.108
Min:     0.025
Max:     1.629
P50 (Median): 0.103
P90:     0.114
P99:     0.126
==============================


--- Client 5 Statistics for interval ending at 3500000 total requests ---

=== Client 5 Latency Statistics (ms) ===
Requests processed: 50000
Average: 0.108
Min:     0.026
Max:     1.622
P50 (Median): 0.103
P90:     0.114
P99:     0.126
==============================


--- Client 5 Statistics for interval ending at 3550000 total requests ---

=== Client 5 Latency Statistics (ms) ===
Requests processed: 50000
Average: 0.108
Min:     0.027
Max:     1.611
P50 (Median): 0.103
P90:     0.114
P99:     0.126
==============================


--- Client 5 Statistics for interval ending at 3600000 total requests ---

=== Client 5 Latency Statistics (ms) ===
Requests processed: 50000
Average: 0.108
Min:     0.026
Max:     1.552
P50 (Median): 0.103
P90:     0.114
P99:     0.125
==============================


--- Client 5 Statistics for interval ending at 3650000 total requests ---

=== Client 5 Latency Statistics (ms) ===
Requests processed: 50000
Average: 0.108
Min:     0.028
Max:     1.702
P50 (Median): 0.103
P90:     0.113
P99:     0.125
==============================


--- Client 5 Statistics for interval ending at 3700000 total requests ---

=== Client 5 Latency Statistics (ms) ===
Requests processed: 50000
Average: 0.108
Min:     0.030
Max:     1.607
P50 (Median): 0.103
P90:     0.115
P99:     0.126
==============================


--- Client 5 Statistics for interval ending at 3750000 total requests ---

=== Client 5 Latency Statistics (ms) ===
Requests processed: 50000
Average: 0.125
Min:     0.024
Max:     14.987
P50 (Median): 0.103
P90:     0.114
P99:     0.126
==============================


--- Client 5 Statistics for interval ending at 3800000 total requests ---

=== Client 5 Latency Statistics (ms) ===
Requests processed: 50000
Average: 0.111
Min:     0.029
Max:     13.185
P50 (Median): 0.103
P90:     0.111
P99:     0.125
==============================


--- Client 5 Statistics for interval ending at 3850000 total requests ---

=== Client 5 Latency Statistics (ms) ===
Requests processed: 50000
Average: 0.109
Min:     0.024
Max:     1.671
P50 (Median): 0.103
P90:     0.115
P99:     0.126
==============================


--- Client 5 Statistics for interval ending at 3900000 total requests ---

=== Client 5 Latency Statistics (ms) ===
Requests processed: 50000
Average: 0.108
Min:     0.028
Max:     1.631
P50 (Median): 0.102
P90:     0.111
P99:     0.125
==============================


--- Client 5 Statistics for interval ending at 3950000 total requests ---

=== Client 5 Latency Statistics (ms) ===
Requests processed: 50000
Average: 0.110
Min:     0.029
Max:     2.126
P50 (Median): 0.103
P90:     0.115
P99:     0.126
==============================


--- Client 5 Statistics for interval ending at 4000000 total requests ---

=== Client 5 Latency Statistics (ms) ===
Requests processed: 50000
Average: 0.109
Min:     0.024
Max:     2.397
P50 (Median): 0.102
P90:     0.112
P99:     0.126
==============================


--- Client 5 Statistics for interval ending at 4050000 total requests ---

=== Client 5 Latency Statistics (ms) ===
Requests processed: 50000
Average: 0.109
Min:     0.025
Max:     3.127
P50 (Median): 0.102
P90:     0.114
P99:     0.126
==============================


--- Client 5 Statistics for interval ending at 4100000 total requests ---

=== Client 5 Latency Statistics (ms) ===
Requests processed: 50000
Average: 0.108
Min:     0.026
Max:     1.602
P50 (Median): 0.103
P90:     0.114
P99:     0.126
==============================


--- Client 5 Statistics for interval ending at 4150000 total requests ---

=== Client 5 Latency Statistics (ms) ===
Requests processed: 50000
Average: 0.108
Min:     0.027
Max:     1.624
P50 (Median): 0.103
P90:     0.113
P99:     0.126
==============================


--- Client 5 Statistics for interval ending at 4200000 total requests ---

=== Client 5 Latency Statistics (ms) ===
Requests processed: 50000
Average: 0.108
Min:     0.027
Max:     1.597
P50 (Median): 0.103
P90:     0.114
P99:     0.126
==============================


--- Client 5 Statistics for interval ending at 4250000 total requests ---

=== Client 5 Latency Statistics (ms) ===
Requests processed: 50000
Average: 0.108
Min:     0.027
Max:     1.658
P50 (Median): 0.103
P90:     0.114
P99:     0.126
==============================


--- Client 5 Statistics for interval ending at 4300000 total requests ---

=== Client 5 Latency Statistics (ms) ===
Requests processed: 50000
Average: 0.108
Min:     0.027
Max:     1.655
P50 (Median): 0.103
P90:     0.114
P99:     0.126
==============================


--- Client 5 Statistics for interval ending at 4350000 total requests ---

=== Client 5 Latency Statistics (ms) ===
Requests processed: 50000
Average: 0.110
Min:     0.025
Max:     4.871
P50 (Median): 0.103
P90:     0.114
P99:     0.126
==============================


--- Client 5 Statistics for interval ending at 4400000 total requests ---

=== Client 5 Latency Statistics (ms) ===
Requests processed: 50000
Average: 0.110
Min:     0.028
Max:     6.355
P50 (Median): 0.103
P90:     0.113
P99:     0.125
==============================


--- Client 5 Statistics for interval ending at 4450000 total requests ---

=== Client 5 Latency Statistics (ms) ===
Requests processed: 50000
Average: 0.112
Min:     0.026
Max:     5.410
P50 (Median): 0.103
P90:     0.115
P99:     0.127
==============================


--- Client 5 Statistics for interval ending at 4500000 total requests ---

=== Client 5 Latency Statistics (ms) ===
Requests processed: 50000
Average: 0.108
Min:     0.028
Max:     1.573
P50 (Median): 0.103
P90:     0.114
P99:     0.126
==============================


--- Client 5 Statistics for interval ending at 4550000 total requests ---

=== Client 5 Latency Statistics (ms) ===
Requests processed: 50000
Average: 0.108
Min:     0.028
Max:     1.641
P50 (Median): 0.103
P90:     0.115
P99:     0.126
==============================


--- Client 5 Statistics for interval ending at 4600000 total requests ---

=== Client 5 Latency Statistics (ms) ===
Requests processed: 50000
Average: 0.108
Min:     0.028
Max:     1.578
P50 (Median): 0.103
P90:     0.114
P99:     0.126
==============================


--- Client 5 Statistics for interval ending at 4650000 total requests ---

=== Client 5 Latency Statistics (ms) ===
Requests processed: 50000
Average: 0.108
Min:     0.028
Max:     1.648
P50 (Median): 0.103
P90:     0.115
P99:     0.126
==============================


--- Client 5 Statistics for interval ending at 4700000 total requests ---

=== Client 5 Latency Statistics (ms) ===
Requests processed: 50000
Average: 0.108
Min:     0.027
Max:     1.590
P50 (Median): 0.103
P90:     0.115
P99:     0.126
==============================


--- Client 5 Statistics for interval ending at 4750000 total requests ---

=== Client 5 Latency Statistics (ms) ===
Requests processed: 50000
Average: 0.108
Min:     0.026
Max:     1.586
P50 (Median): 0.102
P90:     0.113
P99:     0.125
==============================


--- Client 5 Statistics for interval ending at 4800000 total requests ---

=== Client 5 Latency Statistics (ms) ===
Requests processed: 50000
Average: 0.108
Min:     0.027
Max:     1.636
P50 (Median): 0.102
P90:     0.112
P99:     0.125
==============================


--- Client 5 Statistics for interval ending at 4850000 total requests ---

=== Client 5 Latency Statistics (ms) ===
Requests processed: 50000
Average: 0.108
Min:     0.027
Max:     1.641
P50 (Median): 0.102
P90:     0.114
P99:     0.126
==============================


--- Client 5 Statistics for interval ending at 4900000 total requests ---

=== Client 5 Latency Statistics (ms) ===
Requests processed: 50000
Average: 0.108
Min:     0.028
Max:     1.567
P50 (Median): 0.103
P90:     0.112
P99:     0.125
==============================


--- Client 5 Statistics for interval ending at 4950000 total requests ---

=== Client 5 Latency Statistics (ms) ===
Requests processed: 50000
Average: 0.108
Min:     0.027
Max:     1.600
P50 (Median): 0.103
P90:     0.112
P99:     0.125
==============================


--- Client 5 Statistics for interval ending at 5000000 total requests ---

=== Client 5 Latency Statistics (ms) ===
Requests processed: 50000
Average: 0.108
Min:     0.026
Max:     1.640
P50 (Median): 0.103
P90:     0.114
P99:     0.126
==============================


--- Client 5 Statistics for interval ending at 5050000 total requests ---

=== Client 5 Latency Statistics (ms) ===
Requests processed: 50000
Average: 0.108
Min:     0.027
Max:     1.682
P50 (Median): 0.103
P90:     0.114
P99:     0.126
==============================


--- Client 5 Statistics for interval ending at 5100000 total requests ---

=== Client 5 Latency Statistics (ms) ===
Requests processed: 50000
Average: 0.108
Min:     0.027
Max:     1.623
P50 (Median): 0.103
P90:     0.115
P99:     0.126
==============================


--- Client 5 Statistics for interval ending at 5150000 total requests ---

=== Client 5 Latency Statistics (ms) ===
Requests processed: 50000
Average: 0.108
Min:     0.026
Max:     1.587
P50 (Median): 0.103
P90:     0.115
P99:     0.126
==============================


--- Client 5 Statistics for interval ending at 5200000 total requests ---

=== Client 5 Latency Statistics (ms) ===
Requests processed: 50000
Average: 0.119
Min:     0.024
Max:     23.253
P50 (Median): 0.103
P90:     0.116
P99:     0.127
==============================


--- Client 5 Statistics for interval ending at 5250000 total requests ---

=== Client 5 Latency Statistics (ms) ===
Requests processed: 50000
Average: 0.118
Min:     0.024
Max:     16.189
P50 (Median): 0.103
P90:     0.115
P99:     0.127
==============================


--- Client 5 Statistics for interval ending at 5300000 total requests ---

=== Client 5 Latency Statistics (ms) ===
Requests processed: 50000
Average: 0.108
Min:     0.026
Max:     1.563
P50 (Median): 0.103
P90:     0.114
P99:     0.126
==============================


--- Client 5 Statistics for interval ending at 5350000 total requests ---

=== Client 5 Latency Statistics (ms) ===
Requests processed: 50000
Average: 0.109
Min:     0.026
Max:     2.241
P50 (Median): 0.103
P90:     0.113
P99:     0.126
==============================


--- Client 5 Statistics for interval ending at 5400000 total requests ---

=== Client 5 Latency Statistics (ms) ===
Requests processed: 50000
Average: 0.109
Min:     0.027
Max:     3.028
P50 (Median): 0.103
P90:     0.115
P99:     0.126
==============================


--- Client 5 Statistics for interval ending at 5450000 total requests ---

=== Client 5 Latency Statistics (ms) ===
Requests processed: 50000
Average: 0.109
Min:     0.027
Max:     2.494
P50 (Median): 0.102
P90:     0.115
P99:     0.126
==============================


--- Client 5 Statistics for interval ending at 5500000 total requests ---

=== Client 5 Latency Statistics (ms) ===
Requests processed: 50000
Average: 0.107
Min:     0.025
Max:     1.569
P50 (Median): 0.102
P90:     0.112
P99:     0.125
==============================


--- Client 5 Statistics for interval ending at 5550000 total requests ---

=== Client 5 Latency Statistics (ms) ===
Requests processed: 50000
Average: 0.108
Min:     0.025
Max:     2.532
P50 (Median): 0.102
P90:     0.111
P99:     0.125
==============================


--- Client 5 Statistics for interval ending at 5600000 total requests ---

=== Client 5 Latency Statistics (ms) ===
Requests processed: 50000
Average: 0.108
Min:     0.028
Max:     1.658
P50 (Median): 0.102
P90:     0.114
P99:     0.126
==============================


--- Client 5 Statistics for interval ending at 5650000 total requests ---

=== Client 5 Latency Statistics (ms) ===
Requests processed: 50000
Average: 0.108
Min:     0.027
Max:     1.599
P50 (Median): 0.103
P90:     0.112
P99:     0.125
==============================


--- Client 5 Statistics for interval ending at 5700000 total requests ---

=== Client 5 Latency Statistics (ms) ===
Requests processed: 50000
Average: 0.108
Min:     0.027
Max:     1.591
P50 (Median): 0.103
P90:     0.115
P99:     0.126
==============================


--- Client 5 Statistics for interval ending at 5750000 total requests ---

=== Client 5 Latency Statistics (ms) ===
Requests processed: 50000
Average: 0.108
Min:     0.027
Max:     1.671
P50 (Median): 0.103
P90:     0.115
P99:     0.126
==============================


--- Client 5 Statistics for interval ending at 5800000 total requests ---

=== Client 5 Latency Statistics (ms) ===
Requests processed: 50000
Average: 0.110
Min:     0.027
Max:     5.571
P50 (Median): 0.102
P90:     0.115
P99:     0.126
==============================


--- Client 5 Statistics for interval ending at 5850000 total requests ---

=== Client 5 Latency Statistics (ms) ===
Requests processed: 50000
Average: 0.111
Min:     0.026
Max:     5.102
P50 (Median): 0.103
P90:     0.115
P99:     0.126
==============================


--- Client 5 Statistics for interval ending at 5900000 total requests ---

=== Client 5 Latency Statistics (ms) ===
Requests processed: 50000
Average: 0.112
Min:     0.026
Max:     13.787
P50 (Median): 0.102
P90:     0.113
P99:     0.125
==============================


--- Client 5 Statistics for interval ending at 5950000 total requests ---

=== Client 5 Latency Statistics (ms) ===
Requests processed: 50000
Average: 0.109
Min:     0.027
Max:     5.984
P50 (Median): 0.102
P90:     0.113
P99:     0.125
==============================


--- Client 5 Statistics for interval ending at 6000000 total requests ---

=== Client 5 Latency Statistics (ms) ===
Requests processed: 50000
Average: 0.108
Min:     0.027
Max:     1.542
P50 (Median): 0.102
P90:     0.113
P99:     0.125
==============================


--- Client 5 Statistics for interval ending at 6050000 total requests ---

=== Client 5 Latency Statistics (ms) ===
Requests processed: 50000
Average: 0.107
Min:     0.026
Max:     1.642
P50 (Median): 0.102
P90:     0.112
P99:     0.125
==============================


--- Client 5 Statistics for interval ending at 6100000 total requests ---

=== Client 5 Latency Statistics (ms) ===
Requests processed: 50000
Average: 0.108
Min:     0.027
Max:     1.565
P50 (Median): 0.102
P90:     0.112
P99:     0.125
==============================


--- Client 5 Statistics for interval ending at 6150000 total requests ---

=== Client 5 Latency Statistics (ms) ===
Requests processed: 50000
Average: 0.108
Min:     0.025
Max:     1.593
P50 (Median): 0.102
P90:     0.114
P99:     0.125
==============================


--- Client 5 Statistics for interval ending at 6200000 total requests ---

=== Client 5 Latency Statistics (ms) ===
Requests processed: 50000
Average: 0.108
Min:     0.030
Max:     1.640
P50 (Median): 0.103
P90:     0.112
P99:     0.126
==============================


--- Client 5 Statistics for interval ending at 6250000 total requests ---

=== Client 5 Latency Statistics (ms) ===
Requests processed: 50000
Average: 0.108
Min:     0.028
Max:     1.683
P50 (Median): 0.102
P90:     0.114
P99:     0.126
==============================


--- Client 5 Statistics for interval ending at 6300000 total requests ---

=== Client 5 Latency Statistics (ms) ===
Requests processed: 50000
Average: 0.108
Min:     0.028
Max:     1.684
P50 (Median): 0.102
P90:     0.113
P99:     0.126
==============================


--- Client 5 Statistics for interval ending at 6350000 total requests ---

=== Client 5 Latency Statistics (ms) ===
Requests processed: 50000
Average: 0.108
Min:     0.027
Max:     1.546
P50 (Median): 0.103
P90:     0.112
P99:     0.125
==============================


--- Client 5 Statistics for interval ending at 6400000 total requests ---

=== Client 5 Latency Statistics (ms) ===
Requests processed: 50000
Average: 0.108
Min:     0.027
Max:     1.671
P50 (Median): 0.103
P90:     0.112
P99:     0.126
==============================


--- Client 5 Statistics for interval ending at 6450000 total requests ---

=== Client 5 Latency Statistics (ms) ===
Requests processed: 50000
Average: 0.108
Min:     0.025
Max:     1.603
P50 (Median): 0.103
P90:     0.113
P99:     0.126
==============================


--- Client 5 Statistics for interval ending at 6500000 total requests ---

=== Client 5 Latency Statistics (ms) ===
Requests processed: 50000
Average: 0.108
Min:     0.029
Max:     1.610
P50 (Median): 0.103
P90:     0.115
P99:     0.126
==============================


--- Client 5 Statistics for interval ending at 6550000 total requests ---

=== Client 5 Latency Statistics (ms) ===
Requests processed: 50000
Average: 0.107
Min:     0.029
Max:     1.616
P50 (Median): 0.102
P90:     0.111
P99:     0.125
==============================


--- Client 5 Statistics for interval ending at 6600000 total requests ---

=== Client 5 Latency Statistics (ms) ===
Requests processed: 50000
Average: 0.108
Min:     0.027
Max:     1.577
P50 (Median): 0.102
P90:     0.113
P99:     0.126
==============================


--- Client 5 Statistics for interval ending at 6650000 total requests ---

=== Client 5 Latency Statistics (ms) ===
Requests processed: 50000
Average: 0.108
Min:     0.026
Max:     1.531
P50 (Median): 0.102
P90:     0.112
P99:     0.125
==============================


--- Client 5 Statistics for interval ending at 6700000 total requests ---

=== Client 5 Latency Statistics (ms) ===
Requests processed: 50000
Average: 0.116
Min:     0.024
Max:     13.660
P50 (Median): 0.102
P90:     0.109
P99:     0.124
==============================


--- Client 5 Statistics for interval ending at 6750000 total requests ---

=== Client 5 Latency Statistics (ms) ===
Requests processed: 50000
Average: 0.119
Min:     0.024
Max:     13.781
P50 (Median): 0.102
P90:     0.111
P99:     0.126
==============================


--- Client 5 Statistics for interval ending at 6800000 total requests ---

=== Client 5 Latency Statistics (ms) ===
Requests processed: 50000
Average: 0.107
Min:     0.026
Max:     1.658
P50 (Median): 0.102
P90:     0.111
P99:     0.125
==============================


--- Client 5 Statistics for interval ending at 6850000 total requests ---

=== Client 5 Latency Statistics (ms) ===
Requests processed: 50000
Average: 0.111
Min:     0.025
Max:     6.551
P50 (Median): 0.102
P90:     0.110
P99:     0.126
==============================


--- Client 5 Statistics for interval ending at 6900000 total requests ---

=== Client 5 Latency Statistics (ms) ===
Requests processed: 50000
Average: 0.111
Min:     0.026
Max:     2.484
P50 (Median): 0.102
P90:     0.111
P99:     0.127
==============================


--- Client 5 Statistics for interval ending at 6950000 total requests ---

=== Client 5 Latency Statistics (ms) ===
Requests processed: 50000
Average: 0.107
Min:     0.028
Max:     1.621
P50 (Median): 0.102
P90:     0.109
P99:     0.124
==============================


--- Client 5 Statistics for interval ending at 7000000 total requests ---

=== Client 5 Latency Statistics (ms) ===
Requests processed: 50000
Average: 0.107
Min:     0.027
Max:     1.605
P50 (Median): 0.102
P90:     0.110
P99:     0.124
==============================


--- Client 5 Statistics for interval ending at 7050000 total requests ---

=== Client 5 Latency Statistics (ms) ===
Requests processed: 50000
Average: 0.108
Min:     0.024
Max:     2.123
P50 (Median): 0.102
P90:     0.110
P99:     0.126
==============================


--- Client 5 Statistics for interval ending at 7100000 total requests ---

=== Client 5 Latency Statistics (ms) ===
Requests processed: 50000
Average: 0.107
Min:     0.026
Max:     1.574
P50 (Median): 0.102
P90:     0.110
P99:     0.124
==============================


--- Client 5 Statistics for interval ending at 7150000 total requests ---

=== Client 5 Latency Statistics (ms) ===
Requests processed: 50000
Average: 0.108
Min:     0.027
Max:     1.592
P50 (Median): 0.103
P90:     0.111
P99:     0.125
==============================


--- Client 5 Statistics for interval ending at 7200000 total requests ---

=== Client 5 Latency Statistics (ms) ===
Requests processed: 50000
Average: 0.108
Min:     0.028
Max:     1.608
P50 (Median): 0.103
P90:     0.110
P99:     0.125
==============================


--- Client 5 Statistics for interval ending at 7250000 total requests ---

=== Client 5 Latency Statistics (ms) ===
Requests processed: 50000
Average: 0.109
Min:     0.027
Max:     5.477
P50 (Median): 0.102
P90:     0.110
P99:     0.125
==============================


--- Client 5 Statistics for interval ending at 7300000 total requests ---

=== Client 5 Latency Statistics (ms) ===
Requests processed: 50000
Average: 0.109
Min:     0.027
Max:     5.356
P50 (Median): 0.102
P90:     0.111
P99:     0.125
==============================


--- Client 5 Statistics for interval ending at 7350000 total requests ---

=== Client 5 Latency Statistics (ms) ===
Requests processed: 50000
Average: 0.116
Min:     0.024
Max:     9.400
P50 (Median): 0.103
P90:     0.113
P99:     0.127
==============================


--- Client 5 Statistics for interval ending at 7400000 total requests ---

=== Client 5 Latency Statistics (ms) ===
Requests processed: 50000
Average: 0.108
Min:     0.025
Max:     2.731
P50 (Median): 0.103
P90:     0.110
P99:     0.125
==============================


--- Client 5 Statistics for interval ending at 7450000 total requests ---

=== Client 5 Latency Statistics (ms) ===
Requests processed: 50000
Average: 0.108
Min:     0.027
Max:     1.664
P50 (Median): 0.103
P90:     0.112
P99:     0.126
==============================


--- Client 5 Statistics for interval ending at 7500000 total requests ---

=== Client 5 Latency Statistics (ms) ===
Requests processed: 50000
Average: 0.108
Min:     0.026
Max:     1.543
P50 (Median): 0.103
P90:     0.114
P99:     0.126
==============================


--- Client 5 Statistics for interval ending at 7550000 total requests ---

=== Client 5 Latency Statistics (ms) ===
Requests processed: 50000
Average: 0.108
Min:     0.026
Max:     1.556
P50 (Median): 0.103
P90:     0.114
P99:     0.126
==============================


--- Client 5 Statistics for interval ending at 7600000 total requests ---

=== Client 5 Latency Statistics (ms) ===
Requests processed: 50000
Average: 0.108
Min:     0.027
Max:     1.565
P50 (Median): 0.103
P90:     0.112
P99:     0.126
==============================


--- Client 5 Statistics for interval ending at 7650000 total requests ---

=== Client 5 Latency Statistics (ms) ===
Requests processed: 50000
Average: 0.108
Min:     0.028
Max:     1.560
P50 (Median): 0.103
P90:     0.112
P99:     0.126
==============================


--- Client 5 Statistics for interval ending at 7700000 total requests ---

=== Client 5 Latency Statistics (ms) ===
Requests processed: 50000
Average: 0.108
Min:     0.027
Max:     1.583
P50 (Median): 0.103
P90:     0.111
P99:     0.126
==============================


--- Client 5 Statistics for interval ending at 7750000 total requests ---

=== Client 5 Latency Statistics (ms) ===
Requests processed: 50000
Average: 0.108
Min:     0.027
Max:     1.572
P50 (Median): 0.103
P90:     0.113
P99:     0.126
==============================


--- Client 5 Statistics for interval ending at 7800000 total requests ---

=== Client 5 Latency Statistics (ms) ===
Requests processed: 50000
Average: 0.108
Min:     0.027
Max:     1.587
P50 (Median): 0.103
P90:     0.113
P99:     0.126
==============================


--- Client 5 Statistics for interval ending at 7850000 total requests ---

=== Client 5 Latency Statistics (ms) ===
Requests processed: 50000
Average: 0.108
Min:     0.026
Max:     1.619
P50 (Median): 0.103
P90:     0.111
P99:     0.126
==============================


--- Client 5 Statistics for interval ending at 7900000 total requests ---

=== Client 5 Latency Statistics (ms) ===
Requests processed: 50000
Average: 0.108
Min:     0.027
Max:     1.598
P50 (Median): 0.103
P90:     0.113
P99:     0.126
==============================


--- Client 5 Statistics for interval ending at 7950000 total requests ---

=== Client 5 Latency Statistics (ms) ===
Requests processed: 50000
Average: 0.108
Min:     0.027
Max:     1.597
P50 (Median): 0.103
P90:     0.113
P99:     0.126
==============================


--- Client 5 Statistics for interval ending at 8000000 total requests ---

=== Client 5 Latency Statistics (ms) ===
Requests processed: 50000
Average: 0.108
Min:     0.027
Max:     1.662
P50 (Median): 0.103
P90:     0.114
P99:     0.126
==============================


--- Client 5 Statistics for interval ending at 8050000 total requests ---

=== Client 5 Latency Statistics (ms) ===
Requests processed: 50000
Average: 0.108
Min:     0.027
Max:     1.602
P50 (Median): 0.103
P90:     0.113
P99:     0.126
==============================


--- Client 5 Statistics for interval ending at 8100000 total requests ---

=== Client 5 Latency Statistics (ms) ===
Requests processed: 50000
Average: 0.108
Min:     0.026
Max:     1.595
P50 (Median): 0.103
P90:     0.115
P99:     0.126
==============================


--- Client 5 Statistics for interval ending at 8150000 total requests ---

=== Client 5 Latency Statistics (ms) ===
Requests processed: 50000
Average: 0.108
Min:     0.026
Max:     1.586
P50 (Median): 0.103
P90:     0.114
P99:     0.126
==============================


--- Client 5 Statistics for interval ending at 8200000 total requests ---

=== Client 5 Latency Statistics (ms) ===
Requests processed: 50000
Average: 0.116
Min:     0.024
Max:     12.745
P50 (Median): 0.103
P90:     0.111
P99:     0.126
==============================


--- Client 5 Statistics for interval ending at 8250000 total requests ---

=== Client 5 Latency Statistics (ms) ===
Requests processed: 50000
Average: 0.116
Min:     0.026
Max:     12.935
P50 (Median): 0.103
P90:     0.115
P99:     0.126
==============================


--- Client 5 Statistics for interval ending at 8300000 total requests ---

=== Client 5 Latency Statistics (ms) ===
Requests processed: 50000
Average: 0.110
Min:     0.025
Max:     2.182
P50 (Median): 0.103
P90:     0.116
P99:     0.127
==============================


--- Client 5 Statistics for interval ending at 8350000 total requests ---

=== Client 5 Latency Statistics (ms) ===
Requests processed: 50000
Average: 0.111
Min:     0.026
Max:     2.430
P50 (Median): 0.103
P90:     0.115
P99:     0.128
==============================


--- Client 5 Statistics for interval ending at 8400000 total requests ---

=== Client 5 Latency Statistics (ms) ===
Requests processed: 50000
Average: 0.108
Min:     0.027
Max:     1.616
P50 (Median): 0.102
P90:     0.113
P99:     0.125
==============================


--- Client 5 Statistics for interval ending at 8450000 total requests ---

=== Client 5 Latency Statistics (ms) ===
Requests processed: 50000
Average: 0.107
Min:     0.026
Max:     1.627
P50 (Median): 0.102
P90:     0.110
P99:     0.125
==============================


--- Client 5 Statistics for interval ending at 8500000 total requests ---

=== Client 5 Latency Statistics (ms) ===
Requests processed: 50000
Average: 0.108
Min:     0.030
Max:     1.573
P50 (Median): 0.103
P90:     0.113
P99:     0.126
==============================


--- Client 5 Statistics for interval ending at 8550000 total requests ---

=== Client 5 Latency Statistics (ms) ===
Requests processed: 50000
Average: 0.108
Min:     0.026
Max:     1.667
P50 (Median): 0.103
P90:     0.114
P99:     0.126
==============================


--- Client 5 Statistics for interval ending at 8600000 total requests ---

=== Client 5 Latency Statistics (ms) ===
Requests processed: 50000
Average: 0.108
Min:     0.030
Max:     1.587
P50 (Median): 0.103
P90:     0.112
P99:     0.126
==============================


--- Client 5 Statistics for interval ending at 8650000 total requests ---

=== Client 5 Latency Statistics (ms) ===
Requests processed: 50000
Average: 0.108
Min:     0.026
Max:     1.608
P50 (Median): 0.102
P90:     0.113
P99:     0.126
==============================


--- Client 5 Statistics for interval ending at 8700000 total requests ---

=== Client 5 Latency Statistics (ms) ===
Requests processed: 50000
Average: 0.110
Min:     0.029
Max:     6.587
P50 (Median): 0.103
P90:     0.115
P99:     0.126
==============================


--- Client 5 Statistics for interval ending at 8750000 total requests ---

=== Client 5 Latency Statistics (ms) ===
Requests processed: 50000
Average: 0.112
Min:     0.025
Max:     5.415
P50 (Median): 0.102
P90:     0.112
P99:     0.126
==============================


--- Client 5 Statistics for interval ending at 8800000 total requests ---

=== Client 5 Latency Statistics (ms) ===
Requests processed: 50000
Average: 0.111
Min:     0.025
Max:     5.470
P50 (Median): 0.103
P90:     0.112
P99:     0.126
==============================


--- Client 5 Statistics for interval ending at 8850000 total requests ---

=== Client 5 Latency Statistics (ms) ===
Requests processed: 50000
Average: 0.110
Min:     0.027
Max:     6.137
P50 (Median): 0.103
P90:     0.114
P99:     0.126
==============================


--- Client 5 Statistics for interval ending at 8900000 total requests ---

=== Client 5 Latency Statistics (ms) ===
Requests processed: 50000
Average: 0.109
Min:     0.027
Max:     2.430
P50 (Median): 0.103
P90:     0.115
P99:     0.126
==============================


--- Client 5 Statistics for interval ending at 8950000 total requests ---

=== Client 5 Latency Statistics (ms) ===
Requests processed: 50000
Average: 0.108
Min:     0.030
Max:     1.730
P50 (Median): 0.103
P90:     0.111
P99:     0.125
==============================


--- Client 5 Statistics for interval ending at 9000000 total requests ---

=== Client 5 Latency Statistics (ms) ===
Requests processed: 50000
Average: 0.108
Min:     0.028
Max:     1.559
P50 (Median): 0.103
P90:     0.112
P99:     0.126
==============================


--- Client 5 Statistics for interval ending at 9050000 total requests ---

=== Client 5 Latency Statistics (ms) ===
Requests processed: 50000
Average: 0.108
Min:     0.027
Max:     1.568
P50 (Median): 0.103
P90:     0.112
P99:     0.126
==============================


--- Client 5 Statistics for interval ending at 9100000 total requests ---

=== Client 5 Latency Statistics (ms) ===
Requests processed: 50000
Average: 0.108
Min:     0.027
Max:     1.570
P50 (Median): 0.103
P90:     0.113
P99:     0.125
==============================


--- Client 5 Statistics for interval ending at 9150000 total requests ---

=== Client 5 Latency Statistics (ms) ===
Requests processed: 50000
Average: 0.108
Min:     0.027
Max:     1.615
P50 (Median): 0.103
P90:     0.115
P99:     0.126
==============================


--- Client 5 Statistics for interval ending at 9200000 total requests ---

=== Client 5 Latency Statistics (ms) ===
Requests processed: 50000
Average: 0.108
Min:     0.026
Max:     1.630
P50 (Median): 0.103
P90:     0.114
P99:     0.126
==============================


--- Client 5 Statistics for interval ending at 9250000 total requests ---

=== Client 5 Latency Statistics (ms) ===
Requests processed: 50000
Average: 0.108
Min:     0.029
Max:     1.580
P50 (Median): 0.103
P90:     0.111
P99:     0.125
==============================


--- Client 5 Statistics for interval ending at 9300000 total requests ---

=== Client 5 Latency Statistics (ms) ===
Requests processed: 50000
Average: 0.108
Min:     0.027
Max:     1.589
P50 (Median): 0.103
P90:     0.115
P99:     0.126
==============================


--- Client 5 Statistics for interval ending at 9350000 total requests ---

=== Client 5 Latency Statistics (ms) ===
Requests processed: 50000
Average: 0.108
Min:     0.027
Max:     1.615
P50 (Median): 0.103
P90:     0.113
P99:     0.126
==============================


--- Client 5 Statistics for interval ending at 9400000 total requests ---

=== Client 5 Latency Statistics (ms) ===
Requests processed: 50000
Average: 0.108
Min:     0.027
Max:     1.603
P50 (Median): 0.103
P90:     0.114
P99:     0.126
==============================


--- Client 5 Statistics for interval ending at 9450000 total requests ---

=== Client 5 Latency Statistics (ms) ===
Requests processed: 50000
Average: 0.108
Min:     0.027
Max:     1.649
P50 (Median): 0.103
P90:     0.114
P99:     0.126
==============================


--- Client 5 Statistics for interval ending at 9500000 total requests ---

=== Client 5 Latency Statistics (ms) ===
Requests processed: 50000
Average: 0.108
Min:     0.028
Max:     1.648
P50 (Median): 0.103
P90:     0.114
P99:     0.126
==============================


--- Client 5 Statistics for interval ending at 9550000 total requests ---

=== Client 5 Latency Statistics (ms) ===
Requests processed: 50000
Average: 0.112
Min:     0.026
Max:     12.697
P50 (Median): 0.103
P90:     0.114
P99:     0.126
==============================


--- Client 5 Statistics for interval ending at 9600000 total requests ---

=== Client 5 Latency Statistics (ms) ===
Requests processed: 50000
Average: 0.108
Min:     0.028
Max:     1.654
P50 (Median): 0.103
P90:     0.111
P99:     0.125
==============================


--- Client 5 Statistics for interval ending at 9650000 total requests ---

=== Client 5 Latency Statistics (ms) ===
Requests processed: 50000
Average: 0.117
Min:     0.024
Max:     15.179
P50 (Median): 0.103
P90:     0.115
P99:     0.127
==============================


--- Client 5 Statistics for interval ending at 9700000 total requests ---

=== Client 5 Latency Statistics (ms) ===
Requests processed: 50000
Average: 0.112
Min:     0.027
Max:     11.640
P50 (Median): 0.103
P90:     0.114
P99:     0.126
==============================


--- Client 5 Statistics for interval ending at 9750000 total requests ---

=== Client 5 Latency Statistics (ms) ===
Requests processed: 50000
Average: 0.110
Min:     0.026
Max:     2.291
P50 (Median): 0.103
P90:     0.113
P99:     0.126
==============================


--- Client 5 Statistics for interval ending at 9800000 total requests ---

=== Client 5 Latency Statistics (ms) ===
Requests processed: 50000
Average: 0.111
Min:     0.024
Max:     2.615
P50 (Median): 0.103
P90:     0.115
P99:     0.129
==============================


--- Client 5 Statistics for interval ending at 9850000 total requests ---

=== Client 5 Latency Statistics (ms) ===
Requests processed: 50000
Average: 0.108
Min:     0.028
Max:     1.703
P50 (Median): 0.103
P90:     0.114
P99:     0.126
==============================


--- Client 5 Statistics for interval ending at 9900000 total requests ---

=== Client 5 Latency Statistics (ms) ===
Requests processed: 50000
Average: 0.108
Min:     0.027
Max:     1.592
P50 (Median): 0.103
P90:     0.115
P99:     0.126
==============================


--- Client 5 Statistics for interval ending at 9950000 total requests ---

=== Client 5 Latency Statistics (ms) ===
Requests processed: 50000
Average: 0.108
Min:     0.028
Max:     1.616
P50 (Median): 0.102
P90:     0.115
P99:     0.126
==============================


--- Client 5 Statistics for interval ending at 10000000 total requests ---

=== Client 5 Latency Statistics (ms) ===
Requests processed: 50000
Average: 0.108
Min:     0.027
Max:     1.552
P50 (Median): 0.103
P90:     0.113
P99:     0.125
==============================


=== Client 5 Latency Statistics (ms) ===
No responses received.
==============================


==============================
Client 5 total runtime: 69.306 seconds.
==============================

Last client completed. System will shutdown...
